<?xml version="1.0" encoding="UTF-8"?>
<testsuite xmlns:xsi="http://www.w3.org/2001/XMLSchema-instance" xsi:noNamespaceSchemaLocation="https://maven.apache.org/surefire/maven-surefire-plugin/xsd/surefire-test-report-3.0.xsd" version="3.0" name="com.example.tallerMecanico.App.TallerMecanicoApplicationTests" time="16.748" tests="1" errors="0" skipped="0" failures="0">
  <properties>
[...]
</properties>
  <testcase name="contextLoads" classname="com.example.tallerMecanico.App.TallerMecanicoApplicationTests" time="3.11">
    <system-out><![CDATA[17:33:48.908 [main] INFO org.springframework.test.context.support.AnnotationConfigContextLoaderUtils -- Could not detect default configuration classes for test class [com.example.tallerMecanico.App.TallerMecanicoApplicationTests]: TallerMecanicoApplicationTests does not declare any static, non-private, non-final, nested classes annotated with @Configuration.
17:33:49.222 [main] INFO org.springframework.boot.test.context.SpringBootTestContextBootstrapper -- Found @SpringBootConfiguration com.example.tallerMecanico.App.TallerMecanicoApplication for test class com.example.tallerMecanico.App.TallerMecanicoApplicationTests
17:33:50.088 [main] INFO org.springframework.boot.devtools.restart.RestartApplicationListener -- Restart disabled due to context in which it is running

  .   ____          _            __ _ _
 /\\ / ___'_ __ _ _(_)_ __  __ _ \ \ \ \
( ( )\___ | '_ | '_| | '_ \/ _` | \ \ \ \
 \\/  ___)| |_)| | | | | || (_| |  ) ) ) )
  '  |____| .__|_| |_|_| |_\__, | / / / /
 =========|_|==============|___/=/_/_/_/
 :: Spring Boot ::                (v3.2.5)

2024-06-06T17:33:51.057-05:00  INFO 11336 --- [tallerMecanico] [           main] c.e.t.A.TallerMecanicoApplicationTests   : Starting TallerMecanicoApplicationTests using Java 17.0.6 with PID 11336 (started by Lewis in C:\Users\Lewis\Documents\ProyectosLewis\tallerMecanico)
2024-06-06T17:33:51.062-05:00  INFO 11336 --- [tallerMecanico] [           main] c.e.t.A.TallerMecanicoApplicationTests   : No active profile set, falling back to 1 default profile: "default"
2024-06-06T17:33:53.696-05:00  INFO 11336 --- [tallerMecanico] [           main] .s.d.r.c.RepositoryConfigurationDelegate : Bootstrapping Spring Data MongoDB repositories in DEFAULT mode.
2024-06-06T17:33:54.106-05:00  INFO 11336 --- [tallerMecanico] [           main] .s.d.r.c.RepositoryConfigurationDelegate : Finished Spring Data repository scanning in 379 ms. Found 6 MongoDB repository interfaces.
2024-06-06T17:33:55.904-05:00  INFO 11336 --- [tallerMecanico] [n4c.mongodb.net] org.mongodb.driver.cluster               : Adding discovered server ac-xari9i7-shard-00-00.k5srn4c.mongodb.net:27017 to client view of cluster
2024-06-06T17:33:55.957-05:00  INFO 11336 --- [tallerMecanico] [           main] org.mongodb.driver.client                : MongoClient with metadata {"driver": {"name": "mongo-java-driver|sync|spring-boot", "version": "4.11.2"}, "os": {"type": "Windows", "name": "Windows 10", "architecture": "amd64", "version": "10.0"}, "platform": "Java/Oracle Corporation/17.0.6+9-LTS-190"} created with settings MongoClientSettings{readPreference=primary, writeConcern=WriteConcern{w=null, wTimeout=null ms, journal=null}, retryWrites=true, retryReads=true, readConcern=ReadConcern{level=null}, credential=MongoCredential{mechanism=null, userName='scala9207', source='admin', password=<hidden>, mechanismProperties=<hidden>}, transportSettings=null, streamFactoryFactory=null, commandListeners=[], codecRegistry=ProvidersCodecRegistry{codecProviders=[ValueCodecProvider{}, BsonValueCodecProvider{}, DBRefCodecProvider{}, DBObjectCodecProvider{}, DocumentCodecProvider{}, CollectionCodecProvider{}, IterableCodecProvider{}, MapCodecProvider{}, GeoJsonCodecProvider{}, GridFSFileCodecProvider{}, Jsr310CodecProvider{}, JsonObjectCodecProvider{}, BsonCodecProvider{}, EnumCodecProvider{}, com.mongodb.client.model.mql.ExpressionCodecProvider@35ef439e, com.mongodb.Jep395RecordCodecProvider@4997552e, com.mongodb.KotlinCodecProvider@7bcecef6]}, loggerSettings=LoggerSettings{maxDocumentLength=1000}, clusterSettings={hosts=[127.0.0.1:27017], srvHost=sergio.k5srn4c.mongodb.net, srvServiceName=mongodb, mode=MULTIPLE, requiredClusterType=REPLICA_SET, requiredReplicaSetName='atlas-nivoff-shard-0', serverSelector='null', clusterListeners='[]', serverSelectionTimeout='30000 ms', localThreshold='15 ms'}, socketSettings=SocketSettings{connectTimeoutMS=10000, readTimeoutMS=0, receiveBufferSize=0, proxySettings=ProxySettings{host=null, port=null, username=null, password=null}}, heartbeatSocketSettings=SocketSettings{connectTimeoutMS=10000, readTimeoutMS=10000, receiveBufferSize=0, proxySettings=ProxySettings{host=null, port=null, username=null, password=null}}, connectionPoolSettings=ConnectionPoolSettings{maxSize=100, minSize=0, maxWaitTimeMS=120000, maxConnectionLifeTimeMS=0, maxConnectionIdleTimeMS=0, maintenanceInitialDelayMS=0, maintenanceFrequencyMS=60000, connectionPoolListeners=[], maxConnecting=2}, serverSettings=ServerSettings{heartbeatFrequencyMS=10000, minHeartbeatFrequencyMS=500, serverListeners='[]', serverMonitorListeners='[]'}, sslSettings=SslSettings{enabled=true, invalidHostNameAllowed=false, context=null}, applicationName='null', compressorList=[], uuidRepresentation=JAVA_LEGACY, serverApi=null, autoEncryptionSettings=null, dnsClient=null, inetAddressResolver=null, contextProvider=null}
2024-06-06T17:33:56.072-05:00  INFO 11336 --- [tallerMecanico] [n4c.mongodb.net] org.mongodb.driver.cluster               : Adding discovered server ac-xari9i7-shard-00-01.k5srn4c.mongodb.net:27017 to client view of cluster
2024-06-06T17:33:56.075-05:00  INFO 11336 --- [tallerMecanico] [n4c.mongodb.net] org.mongodb.driver.cluster               : Adding discovered server ac-xari9i7-shard-00-02.k5srn4c.mongodb.net:27017 to client view of cluster
2024-06-06T17:33:58.366-05:00  INFO 11336 --- [tallerMecanico] [ngodb.net:27017] org.mongodb.driver.cluster               : Monitor thread successfully connected to server with description ServerDescription{address=ac-xari9i7-shard-00-01.k5srn4c.mongodb.net:27017, type=REPLICA_SET_SECONDARY, state=CONNECTED, ok=true, minWireVersion=0, maxWireVersion=21, maxDocumentSize=16777216, logicalSessionTimeoutMinutes=30, roundTripTimeNanos=1284401200, setName='atlas-nivoff-shard-0', canonicalAddress=ac-xari9i7-shard-00-01.k5srn4c.mongodb.net:27017, hosts=[ac-xari9i7-shard-00-01.k5srn4c.mongodb.net:27017, ac-xari9i7-shard-00-00.k5srn4c.mongodb.net:27017, ac-xari9i7-shard-00-02.k5srn4c.mongodb.net:27017], passives=[], arbiters=[], primary='ac-xari9i7-shard-00-02.k5srn4c.mongodb.net:27017', tagSet=TagSet{[Tag{name='availabilityZone', value='sae1-az3'}, Tag{name='diskState', value='READY'}, Tag{name='nodeType', value='ELECTABLE'}, Tag{name='provider', value='AWS'}, Tag{name='region', value='SA_EAST_1'}, Tag{name='workloadType', value='OPERATIONAL'}]}, electionId=null, setVersion=6, topologyVersion=TopologyVersion{processId=6661f12ded5c9b1c0793bdef, counter=3}, lastWriteDate=Thu Jun 06 17:33:59 COT 2024, lastUpdateTimeNanos=551397356157799}
2024-06-06T17:33:58.375-05:00  INFO 11336 --- [tallerMecanico] [ngodb.net:27017] org.mongodb.driver.cluster               : Monitor thread successfully connected to server with description ServerDescription{address=ac-xari9i7-shard-00-00.k5srn4c.mongodb.net:27017, type=REPLICA_SET_SECONDARY, state=CONNECTED, ok=true, minWireVersion=0, maxWireVersion=21, maxDocumentSize=16777216, logicalSessionTimeoutMinutes=30, roundTripTimeNanos=1206015600, setName='atlas-nivoff-shard-0', canonicalAddress=ac-xari9i7-shard-00-00.k5srn4c.mongodb.net:27017, hosts=[ac-xari9i7-shard-00-01.k5srn4c.mongodb.net:27017, ac-xari9i7-shard-00-00.k5srn4c.mongodb.net:27017, ac-xari9i7-shard-00-02.k5srn4c.mongodb.net:27017], passives=[], arbiters=[], primary='ac-xari9i7-shard-00-02.k5srn4c.mongodb.net:27017', tagSet=TagSet{[Tag{name='availabilityZone', value='sae1-az1'}, Tag{name='diskState', value='READY'}, Tag{name='nodeType', value='ELECTABLE'}, Tag{name='provider', value='AWS'}, Tag{name='region', value='SA_EAST_1'}, Tag{name='workloadType', value='OPERATIONAL'}]}, electionId=null, setVersion=6, topologyVersion=TopologyVersion{processId=6661eca77882ca277d487a33, counter=4}, lastWriteDate=Thu Jun 06 17:33:59 COT 2024, lastUpdateTimeNanos=551397272077700}
2024-06-06T17:33:58.631-05:00  INFO 11336 --- [tallerMecanico] [ngodb.net:27017] org.mongodb.driver.cluster               : Monitor thread successfully connected to server with description ServerDescription{address=ac-xari9i7-shard-00-02.k5srn4c.mongodb.net:27017, type=REPLICA_SET_PRIMARY, state=CONNECTED, ok=true, minWireVersion=0, maxWireVersion=21, maxDocumentSize=16777216, logicalSessionTimeoutMinutes=30, roundTripTimeNanos=1556780800, setName='atlas-nivoff-shard-0', canonicalAddress=ac-xari9i7-shard-00-02.k5srn4c.mongodb.net:27017, hosts=[ac-xari9i7-shard-00-01.k5srn4c.mongodb.net:27017, ac-xari9i7-shard-00-00.k5srn4c.mongodb.net:27017, ac-xari9i7-shard-00-02.k5srn4c.mongodb.net:27017], passives=[], arbiters=[], primary='ac-xari9i7-shard-00-02.k5srn4c.mongodb.net:27017', tagSet=TagSet{[Tag{name='availabilityZone', value='sae1-az2'}, Tag{name='diskState', value='READY'}, Tag{name='nodeType', value='ELECTABLE'}, Tag{name='provider', value='AWS'}, Tag{name='region', value='SA_EAST_1'}, Tag{name='workloadType', value='OPERATIONAL'}]}, electionId=7fffffff0000000000000081, setVersion=6, topologyVersion=TopologyVersion{processId=6661ef46f3ee44c75e24586f, counter=6}, lastWriteDate=Thu Jun 06 17:33:59 COT 2024, lastUpdateTimeNanos=551397624852700}
2024-06-06T17:33:58.633-05:00  INFO 11336 --- [tallerMecanico] [ngodb.net:27017] org.mongodb.driver.cluster               : Discovered replica set primary ac-xari9i7-shard-00-02.k5srn4c.mongodb.net:27017 with max election id 7fffffff0000000000000081 and max set version 6
2024-06-06T17:33:59.985-05:00  INFO 11336 --- [tallerMecanico] [           main] o.s.b.a.w.s.WelcomePageHandlerMapping    : Adding welcome page template: index
2024-06-06T17:34:02.009-05:00  INFO 11336 --- [tallerMecanico] [           main] c.e.t.A.TallerMecanicoApplicationTests   : Started TallerMecanicoApplicationTests in 11.943 seconds (process running for 15.214)
]]></system-out>
  </testcase>
</testsuite>